#-----------------------------------------------------------
# Webtalk v2014.4 (64-bit)
# SW Build 1071353 on Tue Nov 18 17:18:21 MST 2014
# 
# Start of session at: Wed May 27 13:35:36 2015
# Process ID: 7868
# Log file: E:/class/Project/project_4/project_4.sdk/webtalk/webtalk.log
# Journal file: E:/class/Project/project_4/project_4.sdk/webtalk\webtalk.jou
#-----------------------------------------------------------
WARNING: [Common 17-204] Your XILINX environment variable is undefined. You will not be able to run Synthesis and Implementation using ISE based strategies, or import ngc netlists. Please set up your XILINX environment to get full functionality.
source sdk_webtalk.tcl
# webtalk_init -webtalk_dir E:\\class\\Project\\project_4\\project_4.sdk\\webtalk
# webtalk_register_client -client project
# webtalk_add_data -client project -key date_generated -value "星期三 五月 27 13:35:32 2015" -context "software_version_and_target_device"
# webtalk_add_data -client project -key product_version -value "SDK v2014.4" -context "software_version_and_target_device"
# webtalk_add_data -client project -key build_version -value "2014.4" -context "software_version_and_target_device"
# webtalk_add_data -client project -key os_platform -value "amd64" -context "software_version_and_target_device"
# webtalk_add_data -client project -key registration_id -value "" -context "software_version_and_target_device"
# webtalk_add_data -client project -key tool_flow -value "SDK" -context "software_version_and_target_device"
# webtalk_add_data -client project -key beta -value "false" -context "software_version_and_target_device"
# webtalk_add_data -client project -key route_design -value "NA" -context "software_version_and_target_device"
# webtalk_add_data -client project -key target_family -value "NA" -context "software_version_and_target_device"
# webtalk_add_data -client project -key target_device -value "NA" -context "software_version_and_target_device"
# webtalk_add_data -client project -key target_package -value "NA" -context "software_version_and_target_device"
# webtalk_add_data -client project -key target_speed -value "NA" -context "software_version_and_target_device"
# webtalk_add_data -client project -key random_id -value "fk5n79rrvclvbkmkdtg2cdv2n1" -context "software_version_and_target_device"
# webtalk_add_data -client project -key project_id -value "2014.4_1" -context "software_version_and_target_device"
# webtalk_add_data -client project -key project_iteration -value "1" -context "software_version_and_target_device"
# webtalk_add_data -client project -key os_name -value "" -context "user_environment"
# webtalk_add_data -client project -key os_release -value "" -context "user_environment"
# webtalk_add_data -client project -key cpu_name -value "" -context "user_environment"
# webtalk_add_data -client project -key cpu_speed -value "" -context "user_environment"
# webtalk_add_data -client project -key total_processors -value "" -context "user_environment"
# webtalk_add_data -client project -key system_ram -value "" -context "user_environment"
# webtalk_register_client -client sdk
# webtalk_add_data -client sdk -key uid -value "1432704238153" -context "sdk\\\\hardware/1432704238153"
# webtalk_add_data -client sdk -key isZynq -value "true" -context "sdk\\\\hardware/1432704238153"
# webtalk_add_data -client sdk -key Processors -value "2" -context "sdk\\\\hardware/1432704238153"
# webtalk_add_data -client sdk -key VivadoVersion -value "2014.4" -context "sdk\\\\hardware/1432704238153"
# webtalk_add_data -client sdk -key Arch -value "zynq" -context "sdk\\\\hardware/1432704238153"
# webtalk_add_data -client sdk -key Device -value "7z010" -context "sdk\\\\hardware/1432704238153"
# webtalk_add_data -client sdk -key IsHandoff -value "true" -context "sdk\\\\hardware/1432704238153"
# webtalk_transmit -clientid 987844204 -regid "" -xml E:\\class\\Project\\project_4\\project_4.sdk\\webtalk\\usage_statistics_ext_sdk.xml -html E:\\class\\Project\\project_4\\project_4.sdk\\webtalk\\usage_statistics_ext_sdk.html -wdm E:\\class\\Project\\project_4\\project_4.sdk\\webtalk\\sdk_webtalk.wdm -intro "<H3>SDK Usage Report</H3><BR>"
webtalk_transmit: Time (s): cpu = 00:00:00 ; elapsed = 00:00:09 . Memory (MB): peak = 55.559 ; gain = 0.250

    while executing
"webtalk_transmit -clientid 987844204 -regid "" -xml E:\\class\\Project\\project_4\\project_4.sdk\\webtalk\\usage_statistics_ext_sdk.xml -html E:\\clas..."
    (file "sdk_webtalk.tcl" line 32)
INFO: [Common 17-206] Exiting Webtalk at Wed May 27 13:35:46 2015...
