13:23:12 INFO  : Processing command line option -hwspec E:/class/Project/project_4/project_4.sdk/system_wrapper.hdf.
13:23:22 INFO  : Launching XSDB server: xsdb.bat -s F:/vivado/SDK/2014.4/scripts/xsdb/xsdb/xsdb-server.tcl 2450
13:57:14 INFO  : Processing command line option -hwspec E:/class/Project/project_4/project_4.sdk/system_wrapper.hdf.
13:57:17 INFO  : Checking for hwspec changes in the project system_wrapper_hw_platform_0.
13:57:17 INFO  : SDK has detected change in the last modified timestamps for source hardware specification file Source:1432706086760,  Project:1432704139472
13:57:17 INFO  : The hardware specification for project 'system_wrapper_hw_platform_0' is different from E:/class/Project/project_4/project_4.sdk/system_wrapper.hdf.
13:57:17 INFO  : Copied contents of E:/class/Project/project_4/project_4.sdk/system_wrapper.hdf into \system_wrapper_hw_platform_0\system.hdf.
13:57:18 INFO  : Launching XSDB server: xsdb.bat -s F:/vivado/SDK/2014.4/scripts/xsdb/xsdb/xsdb-server.tcl 2450
13:57:19 INFO  : Synchronizing projects in the workspace with the hardware platform specification changes.
13:57:19 INFO  : Clearing existing target manager status.
13:57:24 INFO  : Workspace synchronized with the new hardware specification file. Cleaning dependent projects...
14:30:45 ERROR : Unexpected error while parsing XMD response ?: com.google.gson.JsonSyntaxException: com.google.gson.stream.MalformedJsonException: invalid number or unquoted string near 
14:42:29 INFO  : Processing command line option -hwspec E:/class/Project/project_4/project_4.sdk/system_wrapper.hdf.
14:42:31 INFO  : Checking for hwspec changes in the project system_wrapper_hw_platform_0.
14:42:32 INFO  : Launching XSDB server: xsdb.bat -s F:/vivado/SDK/2014.4/scripts/xsdb/xsdb/xsdb-server.tcl 2450
14:42:32 INFO  : SDK has detected change in the last modified timestamps for source hardware specification file Source:1432705939504,  Project:1432706086760
14:42:32 INFO  : The hardware specification for project 'system_wrapper_hw_platform_0' is different from E:/class/Project/project_4/project_4.sdk/system_wrapper.hdf.
14:42:32 INFO  : Copied contents of E:/class/Project/project_4/project_4.sdk/system_wrapper.hdf into \system_wrapper_hw_platform_0\system.hdf.
14:42:33 INFO  : Synchronizing projects in the workspace with the hardware platform specification changes.
14:42:34 INFO  : Clearing existing target manager status.
14:42:37 INFO  : Workspace synchronized with the new hardware specification file. Cleaning dependent projects...
15:32:53 ERROR : Unexpected error while parsing XMD response ?: com.google.gson.JsonSyntaxException: com.google.gson.stream.MalformedJsonException: invalid number or unquoted string near 
17:24:58 INFO  : Processing command line option -hwspec E:/class/Project/project_4/project_4.sdk/system_wrapper.hdf.
17:25:01 INFO  : Checking for hwspec changes in the project system_wrapper_hw_platform_0.
17:25:01 INFO  : Launching XSDB server: xsdb.bat -s F:/vivado/SDK/2014.4/scripts/xsdb/xsdb/xsdb-server.tcl 2450
17:45:33 INFO  : Saving repository preferences.
17:45:33 INFO  : Reading in cores from local repositories: 
		 E:\class\Project\led_ip\led_ip_1.0
17:45:33 INFO  : Cleaning BSP projects in the workspace.
17:55:06 INFO  : No changes in MSS file content so not generating sources.
18:04:46 INFO  : No changes in MSS file content so not generating sources.
18:11:59 INFO  : No changes in MSS file content so not generating sources.
09:58:04 INFO  : Processing command line option -hwspec E:/class/Project/project_4/project_4.sdk/system_wrapper.hdf.
09:58:09 INFO  : Launching XSDB server: xsdb.bat -s F:/vivado/SDK/2014.4/scripts/xsdb/xsdb/xsdb-server.tcl 2450
09:58:09 INFO  : Checking for hwspec changes in the project system_wrapper_hw_platform_0.
09:58:58 INFO  : Restoring local repository preferences: 
		 E:\class\Project\led_ip\led_ip_1.0
10:03:07 INFO  : Saving repository preferences.
10:05:02 INFO  : No changes in MSS file content so not generating sources.
10:09:27 INFO  : No changes in MSS file content so not generating sources.
10:36:58 ERROR : Checking FPGA configuration failed..Connection to Board Failed


    Unknown Error Occured
    Cable is not connected to the host

10:36:58 ERROR : Unexpected error while launching program.
com.xilinx.sdk.targetmanager.TMException: Connection to Board Failed


    Unknown Error Occured
    Cable is not connected to the host

	at com.xilinx.sdk.targetmanager.internal.TM.isFPGAConfigured(TM.java:372)
	at com.xilinx.sdk.debug.core.XilinxAppLaunchConfigurationDelegate.isFpgaConfigured(XilinxAppLaunchConfigurationDelegate.java:378)
	at com.xilinx.sdk.debug.core.XilinxAppLaunchConfigurationDelegate.launch(XilinxAppLaunchConfigurationDelegate.java:287)
	at com.xilinx.sdk.debug.ui.XilinxAppLaunchDelegateWrapper.launch(XilinxAppLaunchDelegateWrapper.java:31)
	at org.eclipse.debug.internal.core.LaunchConfiguration.launch(LaunchConfiguration.java:858)
	at org.eclipse.debug.internal.core.LaunchConfiguration.launch(LaunchConfiguration.java:707)
	at org.eclipse.debug.internal.ui.DebugUIPlugin.buildAndLaunch(DebugUIPlugin.java:1018)
	at org.eclipse.debug.internal.ui.DebugUIPlugin$8.run(DebugUIPlugin.java:1222)
	at org.eclipse.core.internal.jobs.Worker.run(Worker.java:53)
10:55:33 ERROR : Unexpected error while parsing XMD response ?: com.google.gson.JsonSyntaxException: com.google.gson.stream.MalformedJsonException: invalid number or unquoted string near 
